# JRE version: OpenJDK Runtime Environment JBR-21.0.7+6-1038.54-nomod (21.0.7+6) (build 21.0.7+6-b1038.54)
# Java VM: OpenJDK 64-Bit Server VM JBR-21.0.7+6-1038.54-nomod (21.0.7+6-b1038.54, mixed mode, sharing, tiered, compressed oops, compressed class ptrs, g1 gc, bsd-aarch64)
GC Precious Log:
 CardTable entry size: 512
 Card Set container configuration: InlinePtr #cards 4 size 8 Array Of Cards #cards 64 size 144 Howl #buckets 8 coarsen threshold 14745 Howl Bitmap #cards 2048 size 272 coarsen threshold 1843 Card regions per heap region 1 cards per card region 16384
 CPUs: 14 total, 14 available
 Memory: 49152M
 Large Page Support: Disabled
 NUMA Support: Disabled
 Compressed Oops: Enabled (Zero based)
 Heap Region Size: 8M
 Heap Min Capacity: 8M
 Heap Initial Capacity: 768M
 Heap Max Capacity: 12G
 Pre-touch: Disabled
 Parallel Workers: 11
 Concurrent Workers: 3
 Concurrent Refinement Workers: 11
 Periodic GC: Disabled
Heap:
 garbage-first heap   total 794624K, used 77530K [0x0000000500000000, 0x0000000800000000)
  region size 8192K, 11 young (90112K), 2 survivors (16384K)
 Metaspace       used 14931K, committed 15232K, reserved 1114112K
  class space    used 1471K, committed 1600K, reserved 1048576K
GC Heap History (6 events):
Event: 0.399 GC heap before
{Heap before GC invocations=0 (full 0):
 garbage-first heap   total 794624K, used 34980K [0x0000000500000000, 0x0000000800000000)
  region size 8192K, 4 young (32768K), 0 survivors (0K)
 Metaspace       used 4123K, committed 4288K, reserved 1114112K
  class space    used 375K, committed 448K, reserved 1048576K
}
Event: 0.400 GC heap after
{Heap after GC invocations=1 (full 0):
 garbage-first heap   total 794624K, used 5479K [0x0000000500000000, 0x0000000800000000)
  region size 8192K, 1 young (8192K), 1 survivors (8192K)
 Metaspace       used 4123K, committed 4288K, reserved 1114112K
  class space    used 375K, committed 448K, reserved 1048576K
}
Event: 0.480 GC heap before
{Heap before GC invocations=1 (full 0):
 garbage-first heap   total 794624K, used 30055K [0x0000000500000000, 0x0000000800000000)
  region size 8192K, 4 young (32768K), 1 survivors (8192K)
 Metaspace       used 7478K, committed 7616K, reserved 1114112K
  class space    used 665K, committed 768K, reserved 1048576K
}
Event: 0.481 GC heap after
{Heap after GC invocations=2 (full 0):
 garbage-first heap   total 794624K, used 6580K [0x0000000500000000, 0x0000000800000000)
  region size 8192K, 1 young (8192K), 1 survivors (8192K)
 Metaspace       used 7478K, committed 7616K, reserved 1114112K
  class space    used 665K, committed 768K, reserved 1048576K
}
Event: 0.643 GC heap before
{Heap before GC invocations=2 (full 0):
 garbage-first heap   total 794624K, used 72116K [0x0000000500000000, 0x0000000800000000)
  region size 8192K, 10 young (81920K), 1 survivors (8192K)
 Metaspace       used 11266K, committed 11520K, reserved 1114112K
  class space    used 1022K, committed 1152K, reserved 1048576K
}
Event: 0.645 GC heap after
{Heap after GC invocations=3 (full 0):
 garbage-first heap   total 794624K, used 11994K [0x0000000500000000, 0x0000000800000000)
  region size 8192K, 2 young (16384K), 2 survivors (16384K)
 Metaspace       used 11266K, committed 11520K, reserved 1114112K
  class space    used 1022K, committed 1152K, reserved 1048576K
}

